<?xml version="1.0" encoding="UTF-8"?>
<!-- Generated by org.testng.reporters.JUnitReportReporter -->
<testsuite hostname="UNILPB061" name="testCases.UsersPage_TC" tests="1" failures="0" timestamp="15 Sep 2019 06:54:30 GMT" time="147.782" errors="0">
  <testcase name="main" time="147.782" classname="testCases.UsersPage_TC"/>
</testsuite> <!-- testCases.UsersPage_TC -->
