<?xml version="1.0" encoding="UTF-8"?>
<!-- Generated by org.testng.reporters.JUnitReportReporter -->
<testsuite hostname="UNILPB061" name="testCases.Users_001" tests="1" failures="0" timestamp="1 Jun 2019 09:29:44 GMT" time="5.610" errors="0">
  <testcase name="verify_Test_Case_one" time="5.610" classname="testCases.Users_001"/>
</testsuite> <!-- testCases.Users_001 -->
